<?xml version="1.0" encoding="UTF-8"?>
<testsuite name="Verifiacion de servicios atraves de solicitudes Rest metodo POST" tests="1" skipped="0" failures="0" errors="0" timestamp="2024-09-11T19:35:32" hostname="THINKPAD-E450" time="5.998">
  <properties/>
  <testcase name="Creacion de usuario exitosa" classname="Verifiacion de servicios atraves de solicitudes Rest metodo POST" time="5.998"/>
  <system-out><![CDATA[{
    "id": "132",
    "name": "fredy",
    "job": "admon",
    "email": null,
    "first_name": null,
    "last_name": null,
    "avatar": null,
    "url": null,
    "text": null,
    "createdAt": "2024-09-11T19:35:36.868Z"
}
2024-09-11 14:35:38 INFO CrearSolicitudRestPost:36{
    "id": "132",
    "name": "fredy",
    "job": "admon",
    "email": null,
    "first_name": null,
    "last_name": null,
    "avatar": null,
    "url": null,
    "text": null,
    "createdAt": "2024-09-11T19:35:36.868Z"
}
{
    "id": "132",
    "name": "fredy",
    "job": "admon",
    "email": null,
    "first_name": null,
    "last_name": null,
    "avatar": null,
    "url": null,
    "text": null,
    "createdAt": "2024-09-11T19:35:36.868Z"
}
]]></system-out>
  <system-err><![CDATA[[Test worker] INFO io.cucumber.core.plugin.SerenityReporter - Running feature from file:///C:/fredy/repoGit/prueba.siigo.backopcuno/src/test/resources/features/servicesPost.feature
[Test worker] INFO  - 
  _____   ___   ___   _____     ___   _____     _     ___   _____   ___   ___  
 |_   _| | __| / __| |_   _|   / __| |_   _|   /_\   | _ \ |_   _| | __| |   \ 
   | |   | _|  \__ \   | |     \__ \   | |    / _ \  |   /   | |   | _|  | |) |
   |_|   |___| |___/   |_|     |___/   |_|   /_/ \_\ |_|_\   |_|   |___| |___/ 

Creacion de usuario exitosa(verifiacion-de-servicios-atraves-de-solicitudes-rest-metodo-post;creacion-de-usuario-exitosa)
--------------------------------------------------------------------------------
[Test worker] INFO  - 
  _____   ___   ___   _____     ___     _     ___   ___   ___   ___  
 |_   _| | __| / __| |_   _|   | _ \   /_\   / __| / __| | __| |   \ 
   | |   | _|  \__ \   | |     |  _/  / _ \  \__ \ \__ \ | _|  | |) |
   |_|   |___| |___/   |_|     |_|   /_/ \_\ |___/ |___/ |___| |___/ 

Creacion de usuario exitosa
----------------------------------------------------------------------
]]></system-err>
</testsuite>
