<?xml version="1.0" encoding="UTF-8"?>
<testsuite name="Verifiacion de servicios atraves de solicitudes Rest metodo GET" tests="1" skipped="0" failures="1" errors="0" timestamp="2024-09-11T04:39:50" hostname="THINKPAD-E450" time="1.113">
  <properties/>
  <testcase name="Solicitar informacion de un solo usuario" classname="Verifiacion de servicios atraves de solicitudes Rest metodo GET" time="1.113">
    <failure message="io.cucumber.junit.UndefinedStepException: The step 'sea solicitada la informacion del usuario con id 1' is undefined.&#10;You can implement this step using the snippet(s) below:&#10;&#10;@Cuando(&quot;sea solicitada la informacion del usuario con id {int}&quot;)&#10;public void seaSolicitadaLaInformacionDelUsuarioConId(Integer int1) {&#10;    // Write code here that turns the phrase above into concrete actions&#10;    throw new io.cucumber.java.PendingException();&#10;}&#10;" type="io.cucumber.junit.UndefinedStepException">io.cucumber.junit.UndefinedStepException: The step 'sea solicitada la informacion del usuario con id 1' is undefined.
You can implement this step using the snippet(s) below:

@Cuando(&quot;sea solicitada la informacion del usuario con id {int}&quot;)
public void seaSolicitadaLaInformacionDelUsuarioConId(Integer int1) {
    // Write code here that turns the phrase above into concrete actions
    throw new io.cucumber.java.PendingException();
}

</failure>
  </testcase>
  <system-out><![CDATA[]]></system-out>
  <system-err><![CDATA[[Test worker] INFO io.cucumber.core.plugin.SerenityReporter - Running feature from file:///C:/fredy/repoGit/prueba.siigo.backopcuno/src/test/resources/features/servicesGet.feature
[Test worker] INFO  - 
  _____   ___   ___   _____     ___   _____     _     ___   _____   ___   ___  
 |_   _| | __| / __| |_   _|   / __| |_   _|   /_\   | _ \ |_   _| | __| |   \ 
   | |   | _|  \__ \   | |     \__ \   | |    / _ \  |   /   | |   | _|  | |) |
   |_|   |___| |___/   |_|     |___/   |_|   /_/ \_\ |_|_\   |_|   |___| |___/ 

Solicitar informacion de un solo usuario(verifiacion-de-servicios-atraves-de-solicitudes-rest-metodo-get;solicitar-informacion-de-un-solo-usuario)
--------------------------------------------------------------------------------
[Test worker] INFO  - 
  _____   ___   ___   _____     ___   ___   _  _   ___    ___   _  _    ___ 
 |_   _| | __| / __| |_   _|   | _ \ | __| | \| | |   \  |_ _| | \| |  / __|
   | |   | _|  \__ \   | |     |  _/ | _|  | .` | | |) |  | |  | .` | | (_ |
   |_|   |___| |___/   |_|     |_|   |___| |_|\_| |___/  |___| |_|\_|  \___|

Solicitar informacion de un solo usuario
-----------------------------------------------------------------------------
]]></system-err>
</testsuite>
